Using pre-set license
Built from '2021.3/staging' branch; Version is '2021.3.4f1 (cb45f9cae8b7) revision 13321721'; Using compiler version '192829333'; Build Type 'Release'
OS: 'Windows 11  (10.0.22000) 64bit Core' Language: 'ko' Physical Memory: 16303 MB
BatchMode: 1, IsHumanControllingUs: 0, StartBugReporterOnCrash: 0, Is64bit: 1, IsPro: 1

COMMAND LINE ARGUMENTS:
C:\Program Files\Unity\Hub\Editor\2021.3.4f1\Editor\Unity.exe
-adb2
-batchMode
-noUpm
-name
AssetImportWorker1
-projectPath
C:/Users/USER/Documents/Soullike-RPG
-logFile
Logs/AssetImportWorker1.log
-srvPort
3131
Successfully changed project path to: C:/Users/USER/Documents/Soullike-RPG
C:/Users/USER/Documents/Soullike-RPG
[UnityMemory] Configuration Parameters - Can be set up in boot.config
    "memorysetup-bucket-allocator-granularity=16"
    "memorysetup-bucket-allocator-bucket-count=8"
    "memorysetup-bucket-allocator-block-size=33554432"
    "memorysetup-bucket-allocator-block-count=8"
    "memorysetup-main-allocator-block-size=16777216"
    "memorysetup-thread-allocator-block-size=16777216"
    "memorysetup-gfx-main-allocator-block-size=16777216"
    "memorysetup-gfx-thread-allocator-block-size=16777216"
    "memorysetup-cache-allocator-block-size=4194304"
    "memorysetup-typetree-allocator-block-size=2097152"
    "memorysetup-profiler-bucket-allocator-granularity=16"
    "memorysetup-profiler-bucket-allocator-bucket-count=8"
    "memorysetup-profiler-bucket-allocator-block-size=33554432"
    "memorysetup-profiler-bucket-allocator-block-count=8"
    "memorysetup-profiler-allocator-block-size=16777216"
    "memorysetup-profiler-editor-allocator-block-size=1048576"
    "memorysetup-temp-allocator-size-main=16777216"
    "memorysetup-job-temp-allocator-block-size=2097152"
    "memorysetup-job-temp-allocator-block-size-background=1048576"
    "memorysetup-job-temp-allocator-reduction-small-platforms=262144"
    "memorysetup-temp-allocator-size-background-worker=32768"
    "memorysetup-temp-allocator-size-job-worker=262144"
    "memorysetup-temp-allocator-size-preload-manager=33554432"
    "memorysetup-temp-allocator-size-nav-mesh-worker=65536"
    "memorysetup-temp-allocator-size-audio-worker=65536"
    "memorysetup-temp-allocator-size-cloud-worker=32768"
    "memorysetup-temp-allocator-size-gi-baking-worker=262144"
    "memorysetup-temp-allocator-size-gfx=262144"
Refreshing native plugins compatible for Editor in 52.16 ms, found 2 plugins.
Preloading 0 native plugins for Editor in 0.00 ms.
Initialize engine version: 2021.3.4f1 (cb45f9cae8b7)
[Subsystems] Discovering subsystems at path C:/Program Files/Unity/Hub/Editor/2021.3.4f1/Editor/Data/Resources/UnitySubsystems
[Subsystems] Discovering subsystems at path C:/Users/USER/Documents/Soullike-RPG/Assets
GfxDevice: creating device client; threaded=0; jobified=0
Direct3D:
    Version:  Direct3D 11.0 [level 11.1]
    Renderer: NVIDIA GeForce RTX 2060 (ID=0x1f51)
    Vendor:   NVIDIA
    VRAM:     5980 MB
    Driver:   30.0.15.1295
Initialize mono
Mono path[0] = 'C:/Program Files/Unity/Hub/Editor/2021.3.4f1/Editor/Data/Managed'
Mono path[1] = 'C:/Program Files/Unity/Hub/Editor/2021.3.4f1/Editor/Data/MonoBleedingEdge/lib/mono/unityjit-win32'
Mono config path = 'C:/Program Files/Unity/Hub/Editor/2021.3.4f1/Editor/Data/MonoBleedingEdge/etc'
Using monoOptions --debugger-agent=transport=dt_socket,embedding=1,server=y,suspend=n,address=127.0.0.1:56136
Begin MonoManager ReloadAssembly
Registering precompiled unity dll's ...
Register platform support module: C:/Program Files/Unity/Hub/Editor/2021.3.4f1/Editor/Data/PlaybackEngines/WebGLSupport/UnityEditor.WebGL.Extensions.dll
Register platform support module: C:/Program Files/Unity/Hub/Editor/2021.3.4f1/Editor/Data/PlaybackEngines/MacStandaloneSupport/UnityEditor.OSXStandalone.Extensions.dll
Register platform support module: C:/Program Files/Unity/Hub/Editor/2021.3.4f1/Editor/Data/PlaybackEngines/AndroidPlayer/UnityEditor.Android.Extensions.dll
Register platform support module: C:/Program Files/Unity/Hub/Editor/2021.3.4f1/Editor/Data/PlaybackEngines/iOSSupport/UnityEditor.iOS.Extensions.dll
Register platform support module: C:/Program Files/Unity/Hub/Editor/2021.3.4f1/Editor/Data/PlaybackEngines/AppleTVSupport/UnityEditor.AppleTV.Extensions.dll
Register platform support module: C:/Program Files/Unity/Hub/Editor/2021.3.4f1/Editor/Data/PlaybackEngines/WindowsStandaloneSupport/UnityEditor.WindowsStandalone.Extensions.dll
Register platform support module: C:/Program Files/Unity/Hub/Editor/2021.3.4f1/Editor/Data/PlaybackEngines/LinuxStandaloneSupport/UnityEditor.LinuxStandalone.Extensions.dll
Register platform support module: C:/Program Files/Unity/Hub/Editor/2021.3.4f1/Editor/Data/PlaybackEngines/MetroSupport/UnityEditor.UWP.Extensions.dll
Registered in 0.011162 seconds.
Native extension for UWP target not found
Native extension for LinuxStandalone target not found
Native extension for WindowsStandalone target not found
[usbmuxd] Start listen thread
[usbmuxd] Listen thread started
Native extension for AppleTV target not found
[usbmuxd] Start listen thread
[usbmuxd] Listen thread started
Native extension for iOS target not found
Native extension for Android target not found
Native extension for OSXStandalone target not found
Native extension for WebGL target not found
Refreshing native plugins compatible for Editor in 54.99 ms, found 2 plugins.
Preloading 0 native plugins for Editor in 0.00 ms.
Mono: successfully reloaded assembly
- Completed reload, in  0.967 seconds
Domain Reload Profiling:
	ReloadAssembly (968ms)
		BeginReloadAssembly (105ms)
			ExecutionOrderSort (0ms)
			DisableScriptedObjects (0ms)
			BackupInstance (0ms)
			ReleaseScriptingObjects (0ms)
			CreateAndSetChildDomain (1ms)
		EndReloadAssembly (692ms)
			LoadAssemblies (105ms)
			RebuildTransferFunctionScriptingTraits (0ms)
			SetupTypeCache (165ms)
			ReleaseScriptCaches (0ms)
			RebuildScriptCaches (46ms)
			SetupLoadedEditorAssemblies (403ms)
				LogAssemblyErrors (0ms)
				InitializePlatformSupportModulesInManaged (121ms)
				SetLoadedEditorAssemblies (3ms)
				RefreshPlugins (55ms)
				BeforeProcessingInitializeOnLoad (1ms)
				ProcessInitializeOnLoadAttributes (146ms)
				ProcessInitializeOnLoadMethodAttributes (77ms)
				AfterProcessingInitializeOnLoad (0ms)
				EditorAssembliesLoaded (0ms)
			ExecutionOrderSort2 (0ms)
			AwakeInstancesAfterBackupRestoration (0ms)
Platform modules already initialized, skipping
Registering precompiled user dll's ...
Registered in 0.005555 seconds.
Begin MonoManager ReloadAssembly
Native extension for UWP target not found
Native extension for LinuxStandalone target not found
Native extension for WindowsStandalone target not found
Native extension for AppleTV target not found
Native extension for iOS target not found
Native extension for Android target not found
Native extension for OSXStandalone target not found
Native extension for WebGL target not found
Refreshing native plugins compatible for Editor in 0.46 ms, found 2 plugins.
Preloading 0 native plugins for Editor in 0.00 ms.
Mono: successfully reloaded assembly
- Completed reload, in  1.512 seconds
Domain Reload Profiling:
	ReloadAssembly (1513ms)
		BeginReloadAssembly (304ms)
			ExecutionOrderSort (0ms)
			DisableScriptedObjects (9ms)
			BackupInstance (0ms)
			ReleaseScriptingObjects (0ms)
			CreateAndSetChildDomain (157ms)
		EndReloadAssembly (1033ms)
			LoadAssemblies (99ms)
			RebuildTransferFunctionScriptingTraits (0ms)
			SetupTypeCache (300ms)
			ReleaseScriptCaches (1ms)
			RebuildScriptCaches (73ms)
			SetupLoadedEditorAssemblies (489ms)
				LogAssemblyErrors (0ms)
				InitializePlatformSupportModulesInManaged (51ms)
				SetLoadedEditorAssemblies (1ms)
				RefreshPlugins (1ms)
				BeforeProcessingInitializeOnLoad (78ms)
				ProcessInitializeOnLoadAttributes (308ms)
				ProcessInitializeOnLoadMethodAttributes (39ms)
				AfterProcessingInitializeOnLoad (11ms)
				EditorAssembliesLoaded (1ms)
			ExecutionOrderSort2 (0ms)
			AwakeInstancesAfterBackupRestoration (9ms)
Platform modules already initialized, skipping
========================================================================
Worker process is ready to serve import requests
Launched and connected shader compiler UnityShaderCompiler.exe after 0.11 seconds
Refreshing native plugins compatible for Editor in 1.73 ms, found 2 plugins.
Preloading 0 native plugins for Editor in 0.00 ms.
Unloading 1719 Unused Serialized files (Serialized files now loaded: 0)
Unloading 21 unused Assets / (51.3 KB). Loaded Objects now: 2213.
Memory consumption went from 108.2 MB to 108.1 MB.
Total: 5.108500 ms (FindLiveObjects: 0.202200 ms CreateObjectMapping: 0.114900 ms MarkObjects: 4.594300 ms  DeleteObjects: 0.195100 ms)

AssetImportParameters requested are different than current active one (requested -> active):
  custom:video-decoder-ogg-theora: a1e56fd34408186e4bbccfd4996cb3dc -> 
  custom:container-muxer-webm: aa71ff27fc2769a1b78a27578f13a17b -> 
  custom:container-demuxer-webm: 4f35f7cbe854078d1ac9338744f61a02 -> 
  custom:video-encoder-webm-vp8: eb34c28f22e8b96e1ab97ce403110664 -> 
  custom:audio-encoder-webm-vorbis: bf7c407c2cedff20999df2af8eb42d56 -> 
  custom:framework-win-MediaFoundation: 216162199b28c13a410421893ffa2e32 -> 
  custom:container-demuxer-ogg: 62fdf1f143b41e24485cea50d1cbac27 -> 
  custom:video-decoder-webm-vp8: 9c59270c3fd7afecdb556c50c9e8de78 -> 
  custom:audio-decoder-ogg-vorbis: bf7c407c2cedff20999df2af8eb42d56 -> 
========================================================================
Received Import Request.
  Time since last request: 250042.014257 seconds.
  path: Assets/ADG_Textures/ground_vol1/ground1/ground1.mat
  artifactKey: Guid(2ad85dfe2430c9944a67aabf28740c2d) Importer(815301076,1909f56bfc062723c751e8b465ee728b)
Start importing Assets/ADG_Textures/ground_vol1/ground1/ground1.mat using Guid(2ad85dfe2430c9944a67aabf28740c2d) Importer(815301076,1909f56bfc062723c751e8b465ee728b)  -> (artifact id: 'fe1948aab3261525bda39cec8fd329b0') in 0.548255 seconds 
========================================================================
Received Prepare
Registering precompiled user dll's ...
Registered in 0.006328 seconds.
Begin MonoManager ReloadAssembly
Native extension for UWP target not found
Native extension for LinuxStandalone target not found
Native extension for WindowsStandalone target not found
Native extension for AppleTV target not found
Native extension for iOS target not found
Native extension for Android target not found
Native extension for OSXStandalone target not found
Native extension for WebGL target not found
Refreshing native plugins compatible for Editor in 0.40 ms, found 2 plugins.
Preloading 0 native plugins for Editor in 0.00 ms.
Mono: successfully reloaded assembly
- Completed reload, in  1.152 seconds
Domain Reload Profiling:
	ReloadAssembly (1153ms)
		BeginReloadAssembly (140ms)
			ExecutionOrderSort (0ms)
			DisableScriptedObjects (5ms)
			BackupInstance (0ms)
			ReleaseScriptingObjects (0ms)
			CreateAndSetChildDomain (37ms)
		EndReloadAssembly (878ms)
			LoadAssemblies (91ms)
			RebuildTransferFunctionScriptingTraits (0ms)
			SetupTypeCache (282ms)
			ReleaseScriptCaches (1ms)
			RebuildScriptCaches (47ms)
			SetupLoadedEditorAssemblies (407ms)
				LogAssemblyErrors (0ms)
				InitializePlatformSupportModulesInManaged (47ms)
				SetLoadedEditorAssemblies (0ms)
				RefreshPlugins (0ms)
				BeforeProcessingInitializeOnLoad (53ms)
				ProcessInitializeOnLoadAttributes (260ms)
				ProcessInitializeOnLoadMethodAttributes (35ms)
				AfterProcessingInitializeOnLoad (12ms)
				EditorAssembliesLoaded (0ms)
			ExecutionOrderSort2 (0ms)
			AwakeInstancesAfterBackupRestoration (9ms)
Platform modules already initialized, skipping
Refreshing native plugins compatible for Editor in 1.53 ms, found 2 plugins.
Preloading 0 native plugins for Editor in 0.00 ms.
Unloading 1706 Unused Serialized files (Serialized files now loaded: 0)
Unloading 14 unused Assets / (24.8 KB). Loaded Objects now: 2255.
Memory consumption went from 111.4 MB to 111.4 MB.
Total: 4.691300 ms (FindLiveObjects: 0.192700 ms CreateObjectMapping: 0.091500 ms MarkObjects: 4.379300 ms  DeleteObjects: 0.026000 ms)

AssetImportParameters requested are different than current active one (requested -> active):
  custom:video-decoder-ogg-theora: a1e56fd34408186e4bbccfd4996cb3dc -> 
  custom:container-muxer-webm: aa71ff27fc2769a1b78a27578f13a17b -> 
  custom:container-demuxer-webm: 4f35f7cbe854078d1ac9338744f61a02 -> 
  custom:video-encoder-webm-vp8: eb34c28f22e8b96e1ab97ce403110664 -> 
  custom:audio-encoder-webm-vorbis: bf7c407c2cedff20999df2af8eb42d56 -> 
  custom:framework-win-MediaFoundation: 216162199b28c13a410421893ffa2e32 -> 
  custom:container-demuxer-ogg: 62fdf1f143b41e24485cea50d1cbac27 -> 
  custom:video-decoder-webm-vp8: 9c59270c3fd7afecdb556c50c9e8de78 -> 
  custom:audio-decoder-ogg-vorbis: bf7c407c2cedff20999df2af8eb42d56 -> 
========================================================================
Received Import Request.
  Time since last request: 12.036575 seconds.
  path: Assets/Conifers [BOTD]/Render Pipeline Support/Built-in RP/Sources/Billboards/Conifer Small_BillboardMaterial.mat
  artifactKey: Guid(fba25871281c3416cbb4faf8edfb3a1c) Importer(815301076,1909f56bfc062723c751e8b465ee728b)
Start importing Assets/Conifers [BOTD]/Render Pipeline Support/Built-in RP/Sources/Billboards/Conifer Small_BillboardMaterial.mat using Guid(fba25871281c3416cbb4faf8edfb3a1c) Importer(815301076,1909f56bfc062723c751e8b465ee728b)  -> (artifact id: '04ccf59e226f23415b090c5bbb9f9e6c') in 0.329672 seconds 
========================================================================
Received Import Request.
  Time since last request: 0.000025 seconds.
  path: Assets/Cartoon Heroes/Male/3D/Legs/Base Legs/Materials/Male_Base_Legs.mat
  artifactKey: Guid(23196e6ae5105fa43b40a378c01b1683) Importer(815301076,1909f56bfc062723c751e8b465ee728b)
Start importing Assets/Cartoon Heroes/Male/3D/Legs/Base Legs/Materials/Male_Base_Legs.mat using Guid(23196e6ae5105fa43b40a378c01b1683) Importer(815301076,1909f56bfc062723c751e8b465ee728b)  -> (artifact id: 'e84eb7b6393f4f9baddc26aec639ff1f') in 0.066478 seconds 
========================================================================
Received Import Request.
  Time since last request: 0.000031 seconds.
  path: Assets/ADG_Textures/ground_vol1/ground13/ground13.mat
  artifactKey: Guid(2785d3e261e963c4793fc5970256592e) Importer(815301076,1909f56bfc062723c751e8b465ee728b)
Start importing Assets/ADG_Textures/ground_vol1/ground13/ground13.mat using Guid(2785d3e261e963c4793fc5970256592e) Importer(815301076,1909f56bfc062723c751e8b465ee728b)  -> (artifact id: '4e49b66ae385caeacc59ebb98fc8d580') in 0.071466 seconds 
========================================================================
Received Import Request.
  Time since last request: 0.000026 seconds.
  path: Assets/Cartoon Heroes/Male/3D/Torsos/Base Torso/Materials/Male_Base_Torso.mat
  artifactKey: Guid(dad6ecf4df825004897244446133fa7d) Importer(815301076,1909f56bfc062723c751e8b465ee728b)
Start importing Assets/Cartoon Heroes/Male/3D/Torsos/Base Torso/Materials/Male_Base_Torso.mat using Guid(dad6ecf4df825004897244446133fa7d) Importer(815301076,1909f56bfc062723c751e8b465ee728b)  -> (artifact id: '8e877521418d8afc314f47dcc96f1489') in 0.046568 seconds 
========================================================================
Received Import Request.
  Time since last request: 0.000017 seconds.
  path: Assets/Cartoon Heroes/Male/3D/Torsos/Base Torso/Materials/Male_Base_Torso_Dark.mat
  artifactKey: Guid(ed4301b3acf796f44891aaa0439ac07e) Importer(815301076,1909f56bfc062723c751e8b465ee728b)
Start importing Assets/Cartoon Heroes/Male/3D/Torsos/Base Torso/Materials/Male_Base_Torso_Dark.mat using Guid(ed4301b3acf796f44891aaa0439ac07e) Importer(815301076,1909f56bfc062723c751e8b465ee728b)  -> (artifact id: '244d236dbc216526bdb01a0335fbe66f') in 0.029956 seconds 
========================================================================
Received Import Request.
  Time since last request: 0.000018 seconds.
  path: Assets/Cartoon Heroes/Male/3D/Hairs/Hair_1/Materials/Male_Hair_1_Blond.mat
  artifactKey: Guid(4d95781dcd39c66428a7fae43b646325) Importer(815301076,1909f56bfc062723c751e8b465ee728b)
Start importing Assets/Cartoon Heroes/Male/3D/Hairs/Hair_1/Materials/Male_Hair_1_Blond.mat using Guid(4d95781dcd39c66428a7fae43b646325) Importer(815301076,1909f56bfc062723c751e8b465ee728b)  -> (artifact id: 'b1c9662b04ca31ac27a7b80c07ca9ae9') in 0.032132 seconds 
========================================================================
Received Import Request.
  Time since last request: 0.000020 seconds.
  path: Assets/Conifers [BOTD]/Render Pipeline Support/Built-in RP/Sources/Materials/M Conifer Leaves BODT.mat
  artifactKey: Guid(086b89f98297d43a4ae1f80ebc88e938) Importer(815301076,1909f56bfc062723c751e8b465ee728b)
Start importing Assets/Conifers [BOTD]/Render Pipeline Support/Built-in RP/Sources/Materials/M Conifer Leaves BODT.mat using Guid(086b89f98297d43a4ae1f80ebc88e938) Importer(815301076,1909f56bfc062723c751e8b465ee728b)  -> (artifact id: '0c5cbc951e1c71c7ce12e3504b37d870') in 0.042438 seconds 
========================================================================
Received Import Request.
  Time since last request: 0.000034 seconds.
  path: Assets/Cartoon Heroes/Male/3D/Legs/Base Legs/Materials/Male_Base_Legs_Dark.mat
  artifactKey: Guid(2a6250889f14e5641bc142b970738c8f) Importer(815301076,1909f56bfc062723c751e8b465ee728b)
Start importing Assets/Cartoon Heroes/Male/3D/Legs/Base Legs/Materials/Male_Base_Legs_Dark.mat using Guid(2a6250889f14e5641bc142b970738c8f) Importer(815301076,1909f56bfc062723c751e8b465ee728b)  -> (artifact id: '297fa4cfd14884eca18aa3ec18c57dec') in 0.031622 seconds 
========================================================================
Received Import Request.
  Time since last request: 0.000029 seconds.
  path: Assets/SkySeries Freebie/ExampleScenes/SceneObjects/Full.mat
  artifactKey: Guid(1b27a20a436b4c64b882a6f739bf91de) Importer(815301076,1909f56bfc062723c751e8b465ee728b)
Start importing Assets/SkySeries Freebie/ExampleScenes/SceneObjects/Full.mat using Guid(1b27a20a436b4c64b882a6f739bf91de) Importer(815301076,1909f56bfc062723c751e8b465ee728b)  -> (artifact id: '7e9752ad3f6607a474f6d7a68d71a345') in 0.020005 seconds 
========================================================================
Received Import Request.
  Time since last request: 0.000018 seconds.
  path: Assets/Cartoon Heroes/Male/3D/Hairs/Hair_1/Materials/Male_Hair_1_Black.mat
  artifactKey: Guid(55ad61842b02c3a45871931aaa2a255e) Importer(815301076,1909f56bfc062723c751e8b465ee728b)
Start importing Assets/Cartoon Heroes/Male/3D/Hairs/Hair_1/Materials/Male_Hair_1_Black.mat using Guid(55ad61842b02c3a45871931aaa2a255e) Importer(815301076,1909f56bfc062723c751e8b465ee728b)  -> (artifact id: '47baccde446e8963bac777130cd9ec6d') in 0.024593 seconds 
========================================================================
Received Import Request.
  Time since last request: 0.000018 seconds.
  path: Assets/Cartoon Heroes/Male/3D/Hairs/Hair_1/Materials/Male_Hair_1.mat
  artifactKey: Guid(780edec6694115d46b5cedff31487a70) Importer(815301076,1909f56bfc062723c751e8b465ee728b)
Start importing Assets/Cartoon Heroes/Male/3D/Hairs/Hair_1/Materials/Male_Hair_1.mat using Guid(780edec6694115d46b5cedff31487a70) Importer(815301076,1909f56bfc062723c751e8b465ee728b)  -> (artifact id: '24638178eb2233d239341c3ffb515510') in 0.020263 seconds 
========================================================================
Received Import Request.
  Time since last request: 0.000031 seconds.
  path: Assets/Conifers [BOTD]/Render Pipeline Support/Built-in RP/Sources/Materials/M Conifer Bark Array BODT.mat
  artifactKey: Guid(a7e78992c7c5347a29bb4ad9b987be59) Importer(815301076,1909f56bfc062723c751e8b465ee728b)
Start importing Assets/Conifers [BOTD]/Render Pipeline Support/Built-in RP/Sources/Materials/M Conifer Bark Array BODT.mat using Guid(a7e78992c7c5347a29bb4ad9b987be59) Importer(815301076,1909f56bfc062723c751e8b465ee728b)  -> (artifact id: '627d04c9357a4f47a684b24d8ee9032e') in 0.399351 seconds 
========================================================================
Received Import Request.
  Time since last request: 0.000041 seconds.
  path: Assets/ADG_Textures/ground_vol1/ground11/ground11.mat
  artifactKey: Guid(0b9b69ec22bd9824dbcacaf79a566cdc) Importer(815301076,1909f56bfc062723c751e8b465ee728b)
Start importing Assets/ADG_Textures/ground_vol1/ground11/ground11.mat using Guid(0b9b69ec22bd9824dbcacaf79a566cdc) Importer(815301076,1909f56bfc062723c751e8b465ee728b)  -> (artifact id: '2d98bdacbe87d425f6d3d8f2b0ada17d') in 0.060240 seconds 
========================================================================
Received Import Request.
  Time since last request: 0.513319 seconds.
  path: Assets/Cartoon Heroes/Male/3D/Hairs/Hair_3/Materials/Male_Hair_3.mat
  artifactKey: Guid(2df24410c0acf71478ccaedd025142ee) Importer(815301076,1909f56bfc062723c751e8b465ee728b)
Start importing Assets/Cartoon Heroes/Male/3D/Hairs/Hair_3/Materials/Male_Hair_3.mat using Guid(2df24410c0acf71478ccaedd025142ee) Importer(815301076,1909f56bfc062723c751e8b465ee728b)  -> (artifact id: '629d5b8e5fde82b6b86fc0f9d356d30d') in 0.054204 seconds 
========================================================================
Received Import Request.
  Time since last request: 0.000021 seconds.
  path: Assets/Cartoon Heroes/Male/3D/Heads/Head_1/Materials/Male_Head_1.mat
  artifactKey: Guid(25e381a33d04932429a8bd13baaefaee) Importer(815301076,1909f56bfc062723c751e8b465ee728b)
Start importing Assets/Cartoon Heroes/Male/3D/Heads/Head_1/Materials/Male_Head_1.mat using Guid(25e381a33d04932429a8bd13baaefaee) Importer(815301076,1909f56bfc062723c751e8b465ee728b)  -> (artifact id: '8465c84b7d8e7a065a1c0737025e5efa') in 0.028369 seconds 
========================================================================
Received Import Request.
  Time since last request: 0.000020 seconds.
  path: Assets/Cartoon Heroes/Male/3D/Hairs/Hair_3/Materials/Male_Hair_3_Black.mat
  artifactKey: Guid(8badc6f468c5a6340a18921906577d8a) Importer(815301076,1909f56bfc062723c751e8b465ee728b)
Start importing Assets/Cartoon Heroes/Male/3D/Hairs/Hair_3/Materials/Male_Hair_3_Black.mat using Guid(8badc6f468c5a6340a18921906577d8a) Importer(815301076,1909f56bfc062723c751e8b465ee728b)  -> (artifact id: 'd1e815baa8aa5fe44cc1e7d54b67c960') in 0.029389 seconds 
========================================================================
Received Import Request.
  Time since last request: 1.153199 seconds.
  path: Assets/SkySeries Freebie/ExampleScenes/SceneObjects/6_10.mat
  artifactKey: Guid(abcc3c67b7d0a794f8bb91be4e85abdd) Importer(815301076,1909f56bfc062723c751e8b465ee728b)
Start importing Assets/SkySeries Freebie/ExampleScenes/SceneObjects/6_10.mat using Guid(abcc3c67b7d0a794f8bb91be4e85abdd) Importer(815301076,1909f56bfc062723c751e8b465ee728b)  -> (artifact id: '53d4c7283ba3cfa218cf407193aa105d') in 0.027779 seconds 
========================================================================
Received Import Request.
  Time since last request: 1.424543 seconds.
  path: Assets/Cartoon Heroes/Male/3D/Legs/Legs_1/Materials/Male_Legs_1_Black.mat
  artifactKey: Guid(04d5ac432965eca47a69656ac9c69338) Importer(815301076,1909f56bfc062723c751e8b465ee728b)
Start importing Assets/Cartoon Heroes/Male/3D/Legs/Legs_1/Materials/Male_Legs_1_Black.mat using Guid(04d5ac432965eca47a69656ac9c69338) Importer(815301076,1909f56bfc062723c751e8b465ee728b)  -> (artifact id: '783ba6dc1c23c2baa43c61adfb271124') in 0.030196 seconds 
========================================================================
Received Import Request.
  Time since last request: 0.000018 seconds.
  path: Assets/Cartoon Heroes/Male/3D/Legs/Legs_2/Materials/Male_Legs_2_Brown.mat
  artifactKey: Guid(a8da38c631b457644976e7c700997dfa) Importer(815301076,1909f56bfc062723c751e8b465ee728b)
Start importing Assets/Cartoon Heroes/Male/3D/Legs/Legs_2/Materials/Male_Legs_2_Brown.mat using Guid(a8da38c631b457644976e7c700997dfa) Importer(815301076,1909f56bfc062723c751e8b465ee728b)  -> (artifact id: '1c9047e8d97c0df554c1e9ef0ca14ec4') in 0.049637 seconds 
========================================================================
Received Import Request.
  Time since last request: 0.000017 seconds.
  path: Assets/Cartoon Heroes/Male/3D/Legs/Legs_1/Materials/Male_Legs_1_Brown.mat
  artifactKey: Guid(c58d0c3b49703fb49ab47e236ee66207) Importer(815301076,1909f56bfc062723c751e8b465ee728b)
Start importing Assets/Cartoon Heroes/Male/3D/Legs/Legs_1/Materials/Male_Legs_1_Brown.mat using Guid(c58d0c3b49703fb49ab47e236ee66207) Importer(815301076,1909f56bfc062723c751e8b465ee728b)  -> (artifact id: '11d2cb1dd44da605cf15099f8be6cbd5') in 0.042911 seconds 
========================================================================
Received Import Request.
  Time since last request: 0.000028 seconds.
  path: Assets/Cartoon Heroes/Male/3D/Torsos/Torso_1/Materials/Male_Torso_1_Skin_Light.mat
  artifactKey: Guid(43696d17fd476f64b9e9cd9a66c61855) Importer(815301076,1909f56bfc062723c751e8b465ee728b)
Start importing Assets/Cartoon Heroes/Male/3D/Torsos/Torso_1/Materials/Male_Torso_1_Skin_Light.mat using Guid(43696d17fd476f64b9e9cd9a66c61855) Importer(815301076,1909f56bfc062723c751e8b465ee728b)  -> (artifact id: '07b4159e2fe3b1c4cffee73166e63eb8') in 0.024712 seconds 
========================================================================
Received Import Request.
  Time since last request: 0.140161 seconds.
  path: Assets/Cartoon Heroes/Male/3D/Torsos/Torso_2/Materials/Male_Torso_2_Green.mat
  artifactKey: Guid(624fccd252a104d4f9a55cd6fcf85ed2) Importer(815301076,1909f56bfc062723c751e8b465ee728b)
Start importing Assets/Cartoon Heroes/Male/3D/Torsos/Torso_2/Materials/Male_Torso_2_Green.mat using Guid(624fccd252a104d4f9a55cd6fcf85ed2) Importer(815301076,1909f56bfc062723c751e8b465ee728b)  -> (artifact id: 'd49d44056a622154805c8bd6ab0751b3') in 0.056504 seconds 
========================================================================
Received Import Request.
  Time since last request: 0.000019 seconds.
  path: Assets/Cartoon Heroes/Male/3D/Torsos/Torso_3/Materials/Male_Torso_3_Skin.mat
  artifactKey: Guid(355546449968e09468eedf8f222f7052) Importer(815301076,1909f56bfc062723c751e8b465ee728b)
Start importing Assets/Cartoon Heroes/Male/3D/Torsos/Torso_3/Materials/Male_Torso_3_Skin.mat using Guid(355546449968e09468eedf8f222f7052) Importer(815301076,1909f56bfc062723c751e8b465ee728b)  -> (artifact id: 'b38eda9f5528793ce6ca0fc0b89a3dea') in 0.046537 seconds 
========================================================================
Received Import Request.
  Time since last request: 0.000032 seconds.
  path: Assets/Cartoon Heroes/Male/3D/Torsos/Torso_3/Materials/Male_Torso_3_Blue.mat
  artifactKey: Guid(37bcbdfc82c10ac4eba9464ac59c7218) Importer(815301076,1909f56bfc062723c751e8b465ee728b)
Start importing Assets/Cartoon Heroes/Male/3D/Torsos/Torso_3/Materials/Male_Torso_3_Blue.mat using Guid(37bcbdfc82c10ac4eba9464ac59c7218) Importer(815301076,1909f56bfc062723c751e8b465ee728b)  -> (artifact id: '6e08d25cd8ca33a7435fd277dad8ccee') in 0.035363 seconds 
========================================================================
Received Import Request.
  Time since last request: 0.000041 seconds.
  path: Assets/Cartoon Heroes/Male/3D/Torsos/Torso_3/Materials/Male_Torso_3_Skin_Light.mat
  artifactKey: Guid(b2d892d9d11efc4459aae41c70799123) Importer(815301076,1909f56bfc062723c751e8b465ee728b)
Start importing Assets/Cartoon Heroes/Male/3D/Torsos/Torso_3/Materials/Male_Torso_3_Skin_Light.mat using Guid(b2d892d9d11efc4459aae41c70799123) Importer(815301076,1909f56bfc062723c751e8b465ee728b)  -> (artifact id: '62203038624d8a628c7e6ee225d28536') in 0.029058 seconds 
========================================================================
Received Import Request.
  Time since last request: 0.000019 seconds.
  path: Assets/Cartoon Heroes/Male/3D/Torsos/Torso_2/Materials/Male_Torso_2_Yellow.mat
  artifactKey: Guid(6211994c0576b7241a869fd7fc0d206d) Importer(815301076,1909f56bfc062723c751e8b465ee728b)
Start importing Assets/Cartoon Heroes/Male/3D/Torsos/Torso_2/Materials/Male_Torso_2_Yellow.mat using Guid(6211994c0576b7241a869fd7fc0d206d) Importer(815301076,1909f56bfc062723c751e8b465ee728b)  -> (artifact id: '4a091445b8b8cd9444c20588df7b525c') in 0.038066 seconds 
========================================================================
Received Import Request.
  Time since last request: 9.874879 seconds.
  path: Assets/Cartoon Heroes/Weapons/Sword_1/3D/Materials/Sword_1_Yellow.mat
  artifactKey: Guid(d23d933a5bb042546bab11d145ca9a20) Importer(815301076,1909f56bfc062723c751e8b465ee728b)
Start importing Assets/Cartoon Heroes/Weapons/Sword_1/3D/Materials/Sword_1_Yellow.mat using Guid(d23d933a5bb042546bab11d145ca9a20) Importer(815301076,1909f56bfc062723c751e8b465ee728b)  -> (artifact id: '167313e8c2c1c51a874b70e08b5874a6') in 0.026402 seconds 
========================================================================
Received Import Request.
  Time since last request: 0.000020 seconds.
  path: Assets/Cartoon Heroes/Weapons/Sword_2/3D/Materials/Sword_2_Gray.mat
  artifactKey: Guid(5284465724a051a468950ae23b8e1186) Importer(815301076,1909f56bfc062723c751e8b465ee728b)
Start importing Assets/Cartoon Heroes/Weapons/Sword_2/3D/Materials/Sword_2_Gray.mat using Guid(5284465724a051a468950ae23b8e1186) Importer(815301076,1909f56bfc062723c751e8b465ee728b)  -> (artifact id: 'eb5a6803ee7d0b7d5de2d931f33e3859') in 0.043881 seconds 
========================================================================
Received Import Request.
  Time since last request: 0.179656 seconds.
  path: Assets/Cartoon Heroes/Weapons/Sword_3/3D/Materials/Sword_3_Gray.mat
  artifactKey: Guid(5fea74ce992612b4e97c431f78002d2d) Importer(815301076,1909f56bfc062723c751e8b465ee728b)
Start importing Assets/Cartoon Heroes/Weapons/Sword_3/3D/Materials/Sword_3_Gray.mat using Guid(5fea74ce992612b4e97c431f78002d2d) Importer(815301076,1909f56bfc062723c751e8b465ee728b)  -> (artifact id: '0779634a0e5ca1ce677d4b763a28f6fc') in 0.046366 seconds 
========================================================================
Received Prepare
Registering precompiled user dll's ...
Registered in 0.005357 seconds.
Begin MonoManager ReloadAssembly
Native extension for UWP target not found
Native extension for LinuxStandalone target not found
Native extension for WindowsStandalone target not found
Native extension for AppleTV target not found
Native extension for iOS target not found
Native extension for Android target not found
Native extension for OSXStandalone target not found
Native extension for WebGL target not found
Refreshing native plugins compatible for Editor in 0.55 ms, found 2 plugins.
Preloading 0 native plugins for Editor in 0.00 ms.
Mono: successfully reloaded assembly
- Completed reload, in  1.246 seconds
Domain Reload Profiling:
	ReloadAssembly (1247ms)
		BeginReloadAssembly (158ms)
			ExecutionOrderSort (0ms)
			DisableScriptedObjects (5ms)
			BackupInstance (0ms)
			ReleaseScriptingObjects (0ms)
			CreateAndSetChildDomain (51ms)
		EndReloadAssembly (945ms)
			LoadAssemblies (92ms)
			RebuildTransferFunctionScriptingTraits (0ms)
			SetupTypeCache (301ms)
			ReleaseScriptCaches (1ms)
			RebuildScriptCaches (55ms)
			SetupLoadedEditorAssemblies (431ms)
				LogAssemblyErrors (0ms)
				InitializePlatformSupportModulesInManaged (52ms)
				SetLoadedEditorAssemblies (1ms)
				RefreshPlugins (1ms)
				BeforeProcessingInitializeOnLoad (61ms)
				ProcessInitializeOnLoadAttributes (270ms)
				ProcessInitializeOnLoadMethodAttributes (39ms)
				AfterProcessingInitializeOnLoad (8ms)
				EditorAssembliesLoaded (0ms)
			ExecutionOrderSort2 (0ms)
			AwakeInstancesAfterBackupRestoration (10ms)
Platform modules already initialized, skipping
Refreshing native plugins compatible for Editor in 1.54 ms, found 2 plugins.
Preloading 0 native plugins for Editor in 0.00 ms.
Unloading 1706 Unused Serialized files (Serialized files now loaded: 0)
Unloading 14 unused Assets / (24.9 KB). Loaded Objects now: 2258.
Memory consumption went from 111.5 MB to 111.5 MB.
Total: 3.975500 ms (FindLiveObjects: 0.174200 ms CreateObjectMapping: 0.091400 ms MarkObjects: 3.687600 ms  DeleteObjects: 0.020900 ms)

AssetImportParameters requested are different than current active one (requested -> active):
  custom:video-decoder-ogg-theora: a1e56fd34408186e4bbccfd4996cb3dc -> 
  custom:container-muxer-webm: aa71ff27fc2769a1b78a27578f13a17b -> 
  custom:container-demuxer-webm: 4f35f7cbe854078d1ac9338744f61a02 -> 
  custom:video-encoder-webm-vp8: eb34c28f22e8b96e1ab97ce403110664 -> 
  custom:audio-encoder-webm-vorbis: bf7c407c2cedff20999df2af8eb42d56 -> 
  custom:framework-win-MediaFoundation: 216162199b28c13a410421893ffa2e32 -> 
  custom:container-demuxer-ogg: 62fdf1f143b41e24485cea50d1cbac27 -> 
  custom:video-decoder-webm-vp8: 9c59270c3fd7afecdb556c50c9e8de78 -> 
  custom:audio-decoder-ogg-vorbis: bf7c407c2cedff20999df2af8eb42d56 -> 
Editor requested this worker to shutdown with reason: Scaling down because of idle timeout
AssetImportWorker is now disconnected from the server
Process exiting
Exiting without the bug reporter. Application will terminate with return code 0